Arguments: 
  /Users/tangguowei/.nvm/versions/node/v14.0.0/bin/node /usr/local/Cellar/yarn/1.22.10/libexec/bin/yarn.js --registry=http://registry.npm.taobao.org/

PATH: 
  /Users/tangguowei/.nvm/versions/node/v14.0.0/bin:/Users/tangguowei/.nvm/versions/node/v10.7.0/bin:/Users/tangguowei/.cargo/bin:/usr/local/bin:/usr/bin:/bin:/usr/sbin:/sbin:/opt/puppetlabs/bin:/usr/local/munki:/opt/X11/bin:/Users/tangguowei/.nvm/versions/node/v10.7.0/bin:/Users/tangguowei/.cargo/bin

Yarn version: 
  1.22.10

Node version: 
  14.0.0

Platform: 
  darwin x64

Trace: 
  Error: ENOENT: no such file or directory, copyfile '/Users/tangguowei/Library/Caches/Yarn/v6/npm-ms-2.1.2-d09d1f357b443f493382a8eb3ccd183872ae6009-integrity/node_modules/ms/index.js' -> '/Users/tangguowei/T-editor/node_modules/@babel/core/node_modules/ms/index.js'

npm manifest: 
  {
    "name": "t-editor",
    "version": "1.0.0",
    "description": "",
    "main": "dist/index.js",
    "repository": {
      "type": "git",
      "url": "git+https://github.com/TGuoW/T-editor.git"
    },
    "author": "TGuoW",
    "license": "MIT",
    "bugs": {
      "url": "https://github.com/TGuoW/T-editor/issues"
    },
    "scripts": {
      "start": "webpack-dev-server --config ./build/webpack.config.dev.js",
      "build": "webpack --config ./build/webpack.config.prod.js"
    },
    "homepage": "https://github.com/TGuoW/T-editor#readme",
    "dependencies": {
      "@babel/core": "^7.12.10",
      "babel-loader": "^8.2.2",
      "css-loader": "^5.0.1",
      "estrella": "*",
      "file-loader": "^6.2.0",
      "html-webpack-plugin": "4.5.0",
      "raw-loader": "^4.0.2",
      "style-loader": "^2.0.0",
      "ts-loader": "^8.0.14",
      "typescript": "^4.1.3",
      "webpack": "^5.14.0",
      "webpack-cli": "^3.1.0",
      "webpack-dev-server": "^3.1.5",
      "webpack-merge": "4.1.3"
    }
  }

yarn manifest: 
  No manifest

Lockfile: 
  No lockfile
